-------------------------------------------------------------------------------
Test set: com.ibm.newsletter.ApplicationTests
-------------------------------------------------------------------------------
Tests run: 1, Failures: 0, Errors: 1, Skipped: 0, Time elapsed: 10.005 s <<< FAILURE! - in com.ibm.newsletter.ApplicationTests
contextLoads(com.ibm.newsletter.ApplicationTests)  Time elapsed: 0 s  <<< ERROR!
java.lang.IllegalStateException: Failed to load ApplicationContext
Caused by: org.springframework.beans.factory.BeanCreationException: Error creating bean with name 'entityManagerFactory' defined in class path resource [org/springframework/boot/autoconfigure/orm/jpa/HibernateJpaConfiguration.class]: Invocation of init method failed; nested exception is org.hibernate.AnnotationException: No identifier specified for entity: com.ibm.newsletter.dto.Data
Caused by: org.hibernate.AnnotationException: No identifier specified for entity: com.ibm.newsletter.dto.Data

