-------------------------------------------------------------------------------
Test set: com.ibm.newsletter.ApplicationTests
-------------------------------------------------------------------------------
Tests run: 1, Failures: 0, Errors: 1, Skipped: 0, Time elapsed: 12.29 s <<< FAILURE! - in com.ibm.newsletter.ApplicationTests
contextLoads(com.ibm.newsletter.ApplicationTests)  Time elapsed: 0.08 s  <<< ERROR!
java.lang.IllegalStateException: Failed to load ApplicationContext
Caused by: org.springframework.beans.factory.BeanCreationException: Error creating bean with name 'entityManagerFactory' defined in class path resource [org/springframework/boot/autoconfigure/orm/jpa/HibernateJpaConfiguration.class]: Invocation of init method failed; nested exception is org.hibernate.DuplicateMappingException: Table [newsletter_comments] contains physical column name [issue_number] referred to by multiple physical column names: [ISSUE_NUMBER], [issueNumber]
Caused by: org.hibernate.DuplicateMappingException: Table [newsletter_comments] contains physical column name [issue_number] referred to by multiple physical column names: [ISSUE_NUMBER], [issueNumber]

